2014/02/12 06:15:41 [error] [php] include(GitHub.php) [<a href='function.include'>function.include</a>]: failed to open stream: No such file or directory (C:\xampp\htdocs\framework\YiiBase.php:427)
Stack trace:
#0 C:\xampp\htdocs\sell-book\themes\abound\views\site\index.php(5): spl_autoload_call()
#1 C:\xampp\htdocs\framework\web\CBaseController.php(126): require()
#2 C:\xampp\htdocs\framework\web\CBaseController.php(95): SiteController->renderInternal()
#3 C:\xampp\htdocs\framework\web\CController.php(869): SiteController->renderFile()
#4 C:\xampp\htdocs\framework\web\CController.php(782): SiteController->renderPartial()
#5 C:\xampp\htdocs\sell-book\protected\controllers\SiteController.php(32): SiteController->render()
#6 C:\xampp\htdocs\framework\web\actions\CInlineAction.php(49): SiteController->actionIndex()
#7 C:\xampp\htdocs\framework\web\CController.php(308): CInlineAction->runWithParams()
#8 C:\xampp\htdocs\framework\web\CController.php(286): SiteController->runAction()
#9 C:\xampp\htdocs\framework\web\CController.php(265): SiteController->runActionWithFilters()
#10 C:\xampp\htdocs\framework\web\CWebApplication.php(282): SiteController->run()
#11 C:\xampp\htdocs\framework\web\CWebApplication.php(141): CWebApplication->runController()
#12 C:\xampp\htdocs\framework\base\CApplication.php(180): CWebApplication->processRequest()
#13 C:\xampp\htdocs\sell-book\index.php(13): CWebApplication->run()
REQUEST_URI=/sell-book/
in C:\xampp\htdocs\sell-book\themes\abound\views\site\index.php (5)
in C:\xampp\htdocs\sell-book\protected\controllers\SiteController.php (32)
in C:\xampp\htdocs\sell-book\index.php (13)
